<?xml version="1.0" encoding="UTF-8"?>
<!-- Generated by org.testng.reporters.JUnitReportReporter -->
<testsuite hostname="dell-PC" name="Selenium.NewTest" tests="2" failures="0" timestamp="7 Sep 2015 17:43:56 GMT" time="8.630" errors="0">
  <testcase name="f1" time="3.852" classname="Selenium.NewTest"/>
  <testcase name="f" time="4.778" classname="Selenium.NewTest"/>
</testsuite> <!-- Selenium.NewTest -->
