<?xml version="1.0" encoding="UTF-8"?>
<!-- Generated by org.testng.reporters.JUnitReportReporter -->
<testsuite hostname="dell-PC" name="SeleniumFrame.SeleniumTests" tests="1" failures="0" timestamp="14 Sep 2015 15:23:17 GMT" time="0.009" errors="0">
  <testcase name="f" time="0.009" classname="SeleniumFrame.SeleniumTests"/>
</testsuite> <!-- SeleniumFrame.SeleniumTests -->
